# JRE version: OpenJDK Runtime Environment (11.0.11+9) (build 11.0.11+9-b60-7590822)
# Java VM: OpenJDK 64-Bit Server VM (11.0.11+9-b60-7590822, mixed mode, tiered, compressed oops, g1 gc, windows-amd64)
Heap:
 garbage-first heap   total 208896K, used 93606K [0x00000000a0000000, 0x0000000100000000)
  region size 1024K, 13 young (13312K), 10 survivors (10240K)
 Metaspace       used 81117K, capacity 83775K, committed 84004K, reserved 1122304K
  class space    used 10641K, capacity 11538K, committed 11648K, reserved 1048576K
GC Heap History (20 events):
Event: 6.685 GC heap before
{Heap before GC invocations=6 (full 0):
 garbage-first heap   total 131072K, used 61753K [0x00000000a0000000, 0x0000000100000000)
  region size 1024K, 49 young (50176K), 4 survivors (4096K)
 Metaspace       used 25721K, capacity 26300K, committed 26368K, reserved 1073152K
  class space    used 3341K, capacity 3549K, committed 3584K, reserved 1048576K
}
Event: 6.693 GC heap after
{Heap after GC invocations=7 (full 0):
 garbage-first heap   total 131072K, used 18422K [0x00000000a0000000, 0x0000000100000000)
  region size 1024K, 6 young (6144K), 6 survivors (6144K)
 Metaspace       used 25721K, capacity 26300K, committed 26368K, reserved 1073152K
  class space    used 3341K, capacity 3549K, committed 3584K, reserved 1048576K
}
Event: 8.215 GC heap before
{Heap before GC invocations=7 (full 0):
 garbage-first heap   total 131072K, used 75766K [0x00000000a0000000, 0x0000000100000000)
  region size 1024K, 61 young (62464K), 6 survivors (6144K)
 Metaspace       used 35015K, capacity 35719K, committed 35840K, reserved 1081344K
  class space    used 4514K, capacity 4775K, committed 4864K, reserved 1048576K
}
Event: 8.233 GC heap after
{Heap after GC invocations=8 (full 0):
 garbage-first heap   total 131072K, used 24142K [0x00000000a0000000, 0x0000000100000000)
  region size 1024K, 7 young (7168K), 7 survivors (7168K)
 Metaspace       used 35015K, capacity 35719K, committed 35840K, reserved 1081344K
  class space    used 4514K, capacity 4775K, committed 4864K, reserved 1048576K
}
Event: 10.018 GC heap before
{Heap before GC invocations=9 (full 0):
 garbage-first heap   total 131072K, used 88654K [0x00000000a0000000, 0x0000000100000000)
  region size 1024K, 69 young (70656K), 7 survivors (7168K)
 Metaspace       used 40807K, capacity 41696K, committed 41984K, reserved 1085440K
  class space    used 5209K, capacity 5522K, committed 5632K, reserved 1048576K
}
Event: 10.043 GC heap after
{Heap after GC invocations=10 (full 0):
 garbage-first heap   total 131072K, used 26180K [0x00000000a0000000, 0x0000000100000000)
  region size 1024K, 8 young (8192K), 8 survivors (8192K)
 Metaspace       used 40807K, capacity 41696K, committed 41984K, reserved 1085440K
  class space    used 5209K, capacity 5522K, committed 5632K, reserved 1048576K
}
Event: 12.196 GC heap before
{Heap before GC invocations=11 (full 0):
 garbage-first heap   total 131072K, used 90692K [0x00000000a0000000, 0x0000000100000000)
  region size 1024K, 71 young (72704K), 8 survivors (8192K)
 Metaspace       used 44266K, capacity 45272K, committed 45440K, reserved 1089536K
  class space    used 5656K, capacity 6014K, committed 6016K, reserved 1048576K
}
Event: 12.216 GC heap after
{Heap after GC invocations=12 (full 0):
 garbage-first heap   total 208896K, used 29467K [0x00000000a0000000, 0x0000000100000000)
  region size 1024K, 8 young (8192K), 8 survivors (8192K)
 Metaspace       used 44266K, capacity 45272K, committed 45440K, reserved 1089536K
  class space    used 5656K, capacity 6014K, committed 6016K, reserved 1048576K
}
Event: 14.511 GC heap before
{Heap before GC invocations=12 (full 0):
 garbage-first heap   total 208896K, used 121627K [0x00000000a0000000, 0x0000000100000000)
  region size 1024K, 92 young (94208K), 8 survivors (8192K)
 Metaspace       used 52781K, capacity 54066K, committed 54400K, reserved 1095680K
  class space    used 6715K, capacity 7195K, committed 7296K, reserved 1048576K
}
Event: 14.528 GC heap after
{Heap after GC invocations=13 (full 0):
 garbage-first heap   total 208896K, used 44500K [0x00000000a0000000, 0x0000000100000000)
  region size 1024K, 11 young (11264K), 11 survivors (11264K)
 Metaspace       used 52781K, capacity 54066K, committed 54400K, reserved 1095680K
  class space    used 6715K, capacity 7195K, committed 7296K, reserved 1048576K
}
Event: 17.153 GC heap before
{Heap before GC invocations=13 (full 0):
 garbage-first heap   total 208896K, used 150996K [0x00000000a0000000, 0x0000000100000000)
  region size 1024K, 114 young (116736K), 11 survivors (11264K)
 Metaspace       used 62194K, capacity 63578K, committed 63744K, reserved 1103872K
  class space    used 7826K, capacity 8322K, committed 8448K, reserved 1048576K
}
Event: 17.172 GC heap after
{Heap after GC invocations=14 (full 0):
 garbage-first heap   total 208896K, used 52176K [0x00000000a0000000, 0x0000000100000000)
  region size 1024K, 15 young (15360K), 15 survivors (15360K)
 Metaspace       used 62194K, capacity 63578K, committed 63744K, reserved 1103872K
  class space    used 7826K, capacity 8322K, committed 8448K, reserved 1048576K
}
Event: 19.414 GC heap before
{Heap before GC invocations=14 (full 0):
 garbage-first heap   total 208896K, used 153552K [0x00000000a0000000, 0x0000000100000000)
  region size 1024K, 115 young (117760K), 15 survivors (15360K)
 Metaspace       used 67899K, capacity 69737K, committed 69888K, reserved 1110016K
  class space    used 8723K, capacity 9370K, committed 9472K, reserved 1048576K
}
Event: 19.443 GC heap after
{Heap after GC invocations=15 (full 0):
 garbage-first heap   total 208896K, used 60144K [0x00000000a0000000, 0x0000000100000000)
  region size 1024K, 15 young (15360K), 15 survivors (15360K)
 Metaspace       used 67899K, capacity 69737K, committed 69888K, reserved 1110016K
  class space    used 8723K, capacity 9370K, committed 9472K, reserved 1048576K
}
Event: 21.767 GC heap before
{Heap before GC invocations=16 (full 0):
 garbage-first heap   total 208896K, used 158448K [0x00000000a0000000, 0x0000000100000000)
  region size 1024K, 111 young (113664K), 15 survivors (15360K)
 Metaspace       used 71341K, capacity 73377K, committed 73508K, reserved 1112064K
  class space    used 9272K, capacity 10046K, committed 10112K, reserved 1048576K
}
Event: 21.799 GC heap after
{Heap after GC invocations=17 (full 0):
 garbage-first heap   total 208896K, used 70447K [0x00000000a0000000, 0x0000000100000000)
  region size 1024K, 11 young (11264K), 11 survivors (11264K)
 Metaspace       used 71341K, capacity 73377K, committed 73508K, reserved 1112064K
  class space    used 9272K, capacity 10046K, committed 10112K, reserved 1048576K
}
Event: 25.737 GC heap before
{Heap before GC invocations=17 (full 0):
 garbage-first heap   total 208896K, used 160559K [0x00000000a0000000, 0x0000000100000000)
  region size 1024K, 100 young (102400K), 11 survivors (11264K)
 Metaspace       used 77569K, capacity 80031K, committed 80292K, reserved 1118208K
  class space    used 10130K, capacity 10974K, committed 11008K, reserved 1048576K
}
Event: 25.768 GC heap after
{Heap after GC invocations=18 (full 0):
 garbage-first heap   total 208896K, used 82420K [0x00000000a0000000, 0x0000000100000000)
  region size 1024K, 12 young (12288K), 12 survivors (12288K)
 Metaspace       used 77569K, capacity 80031K, committed 80292K, reserved 1118208K
  class space    used 10130K, capacity 10974K, committed 11008K, reserved 1048576K
}
Event: 28.744 GC heap before
{Heap before GC invocations=18 (full 0):
 garbage-first heap   total 208896K, used 161268K [0x00000000a0000000, 0x0000000100000000)
  region size 1024K, 90 young (92160K), 12 survivors (12288K)
 Metaspace       used 80939K, capacity 83606K, committed 83748K, reserved 1122304K
  class space    used 10619K, capacity 11523K, committed 11648K, reserved 1048576K
}
Event: 28.772 GC heap after
{Heap after GC invocations=19 (full 0):
 garbage-first heap   total 208896K, used 91558K [0x00000000a0000000, 0x0000000100000000)
  region size 1024K, 10 young (10240K), 10 survivors (10240K)
 Metaspace       used 80939K, capacity 83606K, committed 83748K, reserved 1122304K
  class space    used 10619K, capacity 11523K, committed 11648K, reserved 1048576K
}

